/home/crazyproger/sandbox/cuda-2024/3821B1PE3/1_gelu_omp/nedelin_dmitry/gelu_omp.cpp:3:1: error: ‘include’ does not name a type
    3 | include "gelu_omp.h"
      | ^~~~~~~
In file included from /usr/include/c++/11/cmath:43,
                 from /home/crazyproger/sandbox/cuda-2024/3821B1PE3/1_gelu_omp/nedelin_dmitry/gelu_omp.cpp:4:
/usr/include/c++/11/ext/type_traits.h:162:35: error: ‘bool __gnu_cxx::__is_null_pointer’ redeclared as different kind of entity
  162 |   __is_null_pointer(std::nullptr_t)
      |                                   ^
/usr/include/c++/11/ext/type_traits.h:157:5: note: previous declaration ‘template<class _Type> bool __gnu_cxx::__is_null_pointer(_Type)’
  157 |     __is_null_pointer(_Type)
      |     ^~~~~~~~~~~~~~~~~
/usr/include/c++/11/ext/type_traits.h:162:26: error: ‘nullptr_t’ is not a member of ‘std’
  162 |   __is_null_pointer(std::nullptr_t)
      |                          ^~~~~~~~~
In file included from /usr/include/c++/11/bits/move.h:57,
                 from /usr/include/c++/11/bits/stl_pair.h:59,
                 from /usr/include/c++/11/bits/stl_algobase.h:64,
                 from /usr/include/c++/11/bits/specfun.h:45,
                 from /usr/include/c++/11/cmath:1935,
                 from /home/crazyproger/sandbox/cuda-2024/3821B1PE3/1_gelu_omp/nedelin_dmitry/gelu_omp.cpp:4:
/usr/include/c++/11/type_traits:431:26: error: ‘std::size_t’ has not been declared
  431 |   template<typename _Tp, std::size_t _Size>
      |                          ^~~
/usr/include/c++/11/type_traits:432:25: error: ‘_Size’ was not declared in this scope
  432 |     struct is_array<_Tp[_Size]>
      |                         ^~~~~
/usr/include/c++/11/type_traits:432:31: error: template argument 1 is invalid
  432 |     struct is_array<_Tp[_Size]>
      |                               ^
/usr/include/c++/11/type_traits:537:42: error: ‘nullptr_t’ is not a member of ‘std’
  537 |     struct __is_null_pointer_helper<std::nullptr_t>
      |                                          ^~~~~~~~~
/usr/include/c++/11/type_traits:537:51: error: template argument 1 is invalid
  537 |     struct __is_null_pointer_helper<std::nullptr_t>
      |                                                   ^
/usr/include/c++/11/type_traits:1361:37: error: ‘size_t’ is not a member of ‘std’; did you mean ‘size_t’?
 1361 |     : public integral_constant<std::size_t, alignof(_Tp)>
      |                                     ^~~~~~
In file included from /usr/include/stdlib.h:32,
                 from /usr/include/c++/11/bits/std_abs.h:38,
                 from /usr/include/c++/11/cmath:47,
                 from /home/crazyproger/sandbox/cuda-2024/3821B1PE3/1_gelu_omp/nedelin_dmitry/gelu_omp.cpp:4:
/usr/lib/gcc/x86_64-linux-gnu/11/include/stddef.h:209:23: note: ‘size_t’ declared here
  209 | typedef __SIZE_TYPE__ size_t;
      |                       ^~~~~~
In file included from /usr/include/c++/11/bits/move.h:57,
                 from /usr/include/c++/11/bits/stl_pair.h:59,
                 from /usr/include/c++/11/bits/stl_algobase.h:64,
                 from /usr/include/c++/11/bits/specfun.h:45,
                 from /usr/include/c++/11/cmath:1935,
                 from /home/crazyproger/sandbox/cuda-2024/3821B1PE3/1_gelu_omp/nedelin_dmitry/gelu_omp.cpp:4:
/usr/include/c++/11/type_traits:1361:57: error: template argument 1 is invalid
 1361 |     : public integral_constant<std::size_t, alignof(_Tp)>
      |                                                         ^
/usr/include/c++/11/type_traits:1361:57: note: invalid template non-type parameter
/usr/include/c++/11/type_traits:1370:37: error: ‘size_t’ is not a member of ‘std’; did you mean ‘size_t’?
 1370 |     : public integral_constant<std::size_t, 0> { };
      |                                     ^~~~~~
In file included from /usr/include/stdlib.h:32,
                 from /usr/include/c++/11/bits/std_abs.h:38,
                 from /usr/include/c++/11/cmath:47,
                 from /home/crazyproger/sandbox/cuda-2024/3821B1PE3/1_gelu_omp/nedelin_dmitry/gelu_omp.cpp:4:
/usr/lib/gcc/x86_64-linux-gnu/11/include/stddef.h:209:23: note: ‘size_t’ declared here
  209 | typedef __SIZE_TYPE__ size_t;
      |                       ^~~~~~
In file included from /usr/include/c++/11/bits/move.h:57,
                 from /usr/include/c++/11/bits/stl_pair.h:59,
                 from /usr/include/c++/11/bits/stl_algobase.h:64,
                 from /usr/include/c++/11/bits/specfun.h:45,
                 from /usr/include/c++/11/cmath:1935,
                 from /home/crazyproger/sandbox/cuda-2024/3821B1PE3/1_gelu_omp/nedelin_dmitry/gelu_omp.cpp:4:
/usr/include/c++/11/type_traits:1370:46: error: template argument 1 is invalid
 1370 |     : public integral_constant<std::size_t, 0> { };
      |                                              ^
/usr/include/c++/11/type_traits:1370:46: note: invalid template non-type parameter
/usr/include/c++/11/type_traits:1372:26: error: ‘std::size_t’ has not been declared
 1372 |   template<typename _Tp, std::size_t _Size>
      |                          ^~~
/usr/include/c++/11/type_traits:1373:21: error: ‘_Size’ was not declared in this scope
 1373 |     struct rank<_Tp[_Size]>
      |                     ^~~~~
/usr/include/c++/11/type_traits:1373:27: error: template argument 1 is invalid
 1373 |     struct rank<_Tp[_Size]>
      |                           ^
/usr/include/c++/11/type_traits:1374:37: error: ‘size_t’ is not a member of ‘std’; did you mean ‘size_t’?
 1374 |     : public integral_constant<std::size_t, 1 + rank<_Tp>::value> { };
      |                                     ^~~~~~
In file included from /usr/include/stdlib.h:32,
                 from /usr/include/c++/11/bits/std_abs.h:38,
                 from /usr/include/c++/11/cmath:47,
                 from /home/crazyproger/sandbox/cuda-2024/3821B1PE3/1_gelu_omp/nedelin_dmitry/gelu_omp.cpp:4:
/usr/lib/gcc/x86_64-linux-gnu/11/include/stddef.h:209:23: note: ‘size_t’ declared here
  209 | typedef __SIZE_TYPE__ size_t;
      |                       ^~~~~~
In file included from /usr/include/c++/11/bits/move.h:57,
                 from /usr/include/c++/11/bits/stl_pair.h:59,
                 from /usr/include/c++/11/bits/stl_algobase.h:64,
                 from /usr/include/c++/11/bits/specfun.h:45,
                 from /usr/include/c++/11/cmath:1935,
                 from /home/crazyproger/sandbox/cuda-2024/3821B1PE3/1_gelu_omp/nedelin_dmitry/gelu_omp.cpp:4:
/usr/include/c++/11/type_traits:1374:65: error: template argument 1 is invalid
 1374 |     : public integral_constant<std::size_t, 1 + rank<_Tp>::value> { };
      |                                                                 ^
/usr/include/c++/11/type_traits:1374:65: note: invalid template non-type parameter
/usr/include/c++/11/type_traits:1378:37: error: ‘size_t’ is not a member of ‘std’; did you mean ‘size_t’?
 1378 |     : public integral_constant<std::size_t, 1 + rank<_Tp>::value> { };
      |                                     ^~~~~~
In file included from /usr/include/stdlib.h:32,
                 from /usr/include/c++/11/bits/std_abs.h:38,
                 from /usr/include/c++/11/cmath:47,
                 from /home/crazyproger/sandbox/cuda-2024/3821B1PE3/1_gelu_omp/nedelin_dmitry/gelu_omp.cpp:4:
/usr/lib/gcc/x86_64-linux-gnu/11/include/stddef.h:209:23: note: ‘size_t’ declared here
  209 | typedef __SIZE_TYPE__ size_t;
      |                       ^~~~~~
In file included from /usr/include/c++/11/bits/move.h:57,
                 from /usr/include/c++/11/bits/stl_pair.h:59,
                 from /usr/include/c++/11/bits/stl_algobase.h:64,
                 from /usr/include/c++/11/bits/specfun.h:45,
                 from /usr/include/c++/11/cmath:1935,
                 from /home/crazyproger/sandbox/cuda-2024/3821B1PE3/1_gelu_omp/nedelin_dmitry/gelu_omp.cpp:4:
/usr/include/c++/11/type_traits:1378:65: error: template argument 1 is invalid
 1378 |     : public integral_constant<std::size_t, 1 + rank<_Tp>::value> { };
      |                                                                 ^
/usr/include/c++/11/type_traits:1378:65: note: invalid template non-type parameter
/usr/include/c++/11/type_traits:1383:37: error: ‘size_t’ is not a member of ‘std’; did you mean ‘size_t’?
 1383 |     : public integral_constant<std::size_t, 0> { };
      |                                     ^~~~~~
In file included from /usr/include/stdlib.h:32,
                 from /usr/include/c++/11/bits/std_abs.h:38,
                 from /usr/include/c++/11/cmath:47,
                 from /home/crazyproger/sandbox/cuda-2024/3821B1PE3/1_gelu_omp/nedelin_dmitry/gelu_omp.cpp:4:
/usr/lib/gcc/x86_64-linux-gnu/11/include/stddef.h:209:23: note: ‘size_t’ declared here
  209 | typedef __SIZE_TYPE__ size_t;
      |                       ^~~~~~
In file included from /usr/include/c++/11/bits/move.h:57,
                 from /usr/include/c++/11/bits/stl_pair.h:59,
                 from /usr/include/c++/11/bits/stl_algobase.h:64,
                 from /usr/include/c++/11/bits/specfun.h:45,
                 from /usr/include/c++/11/cmath:1935,
                 from /home/crazyproger/sandbox/cuda-2024/3821B1PE3/1_gelu_omp/nedelin_dmitry/gelu_omp.cpp:4:
/usr/include/c++/11/type_traits:1383:46: error: template argument 1 is invalid
 1383 |     : public integral_constant<std::size_t, 0> { };
      |                                              ^
/usr/include/c++/11/type_traits:1383:46: note: invalid template non-type parameter
/usr/include/c++/11/type_traits:1385:42: error: ‘std::size_t’ has not been declared
 1385 |   template<typename _Tp, unsigned _Uint, std::size_t _Size>
      |                                          ^~~
/usr/include/c++/11/type_traits:1386:23: error: ‘_Size’ was not declared in this scope
 1386 |     struct extent<_Tp[_Size], _Uint>
      |                       ^~~~~
/usr/include/c++/11/type_traits:1386:36: error: template argument 1 is invalid
 1386 |     struct extent<_Tp[_Size], _Uint>
      |                                    ^
/usr/include/c++/11/type_traits:1387:37: error: ‘size_t’ is not a member of ‘std’; did you mean ‘size_t’?
 1387 |     : public integral_constant<std::size_t,
      |                                     ^~~~~~
In file included from /usr/include/stdlib.h:32,
                 from /usr/include/c++/11/bits/std_abs.h:38,
                 from /usr/include/c++/11/cmath:47,
                 from /home/crazyproger/sandbox/cuda-2024/3821B1PE3/1_gelu_omp/nedelin_dmitry/gelu_omp.cpp:4:
/usr/lib/gcc/x86_64-linux-gnu/11/include/stddef.h:209:23: note: ‘size_t’ declared here
  209 | typedef __SIZE_TYPE__ size_t;
      |                       ^~~~~~
In file included from /usr/include/c++/11/bits/move.h:57,
                 from /usr/include/c++/11/bits/stl_pair.h:59,
                 from /usr/include/c++/11/bits/stl_algobase.h:64,
                 from /usr/include/c++/11/bits/specfun.h:45,
                 from /usr/include/c++/11/cmath:1935,
                 from /home/crazyproger/sandbox/cuda-2024/3821B1PE3/1_gelu_omp/nedelin_dmitry/gelu_omp.cpp:4:
/usr/include/c++/11/type_traits:1388:45: error: ‘_Size’ was not declared in this scope
 1388 |                                _Uint == 0 ? _Size : extent<_Tp,
      |                                             ^~~~~
/usr/include/c++/11/type_traits:1389:77: error: template argument 1 is invalid
 1389 |                                                            _Uint - 1>::value>
      |                                                                             ^
/usr/include/c++/11/type_traits:1389:77: note: invalid template non-type parameter
/usr/include/c++/11/type_traits:1394:37: error: ‘size_t’ is not a member of ‘std’; did you mean ‘size_t’?
 1394 |     : public integral_constant<std::size_t,
      |                                     ^~~~~~
In file included from /usr/include/stdlib.h:32,
                 from /usr/include/c++/11/bits/std_abs.h:38,
                 from /usr/include/c++/11/cmath:47,
                 from /home/crazyproger/sandbox/cuda-2024/3821B1PE3/1_gelu_omp/nedelin_dmitry/gelu_omp.cpp:4:
/usr/lib/gcc/x86_64-linux-gnu/11/include/stddef.h:209:23: note: ‘size_t’ declared here
  209 | typedef __SIZE_TYPE__ size_t;
      |                       ^~~~~~
In file included from /usr/include/c++/11/bits/move.h:57,
                 from /usr/include/c++/11/bits/stl_pair.h:59,
                 from /usr/include/c++/11/bits/stl_algobase.h:64,
                 from /usr/include/c++/11/bits/specfun.h:45,
                 from /usr/include/c++/11/cmath:1935,
                 from /home/crazyproger/sandbox/cuda-2024/3821B1PE3/1_gelu_omp/nedelin_dmitry/gelu_omp.cpp:4:
/usr/include/c++/11/type_traits:1396:73: error: template argument 1 is invalid
 1396 |                                                        _Uint - 1>::value>
      |                                                                         ^
/usr/include/c++/11/type_traits:1396:73: note: invalid template non-type parameter
/usr/include/c++/11/type_traits:1984:26: error: ‘std::size_t’ has not been declared
 1984 |   template<typename _Tp, std::size_t _Size>
      |                          ^~~
/usr/include/c++/11/type_traits:1985:30: error: ‘_Size’ was not declared in this scope
 1985 |     struct remove_extent<_Tp[_Size]>
      |                              ^~~~~
/usr/include/c++/11/type_traits:1985:36: error: template argument 1 is invalid
 1985 |     struct remove_extent<_Tp[_Size]>
      |                                    ^
/usr/include/c++/11/type_traits:1997:26: error: ‘std::size_t’ has not been declared
 1997 |   template<typename _Tp, std::size_t _Size>
      |                          ^~~
/usr/include/c++/11/type_traits:1998:35: error: ‘_Size’ was not declared in this scope
 1998 |     struct remove_all_extents<_Tp[_Size]>
      |                                   ^~~~~
/usr/include/c++/11/type_traits:1998:41: error: template argument 1 is invalid
 1998 |     struct remove_all_extents<_Tp[_Size]>
      |                                         ^
/usr/include/c++/11/type_traits:2056:12: error: ‘std::size_t’ has not been declared
 2056 |   template<std::size_t _Len>
      |            ^~~
/usr/include/c++/11/type_traits:2061:30: error: ‘_Len’ was not declared in this scope
 2061 |         unsigned char __data[_Len];
      |                              ^~~~
/usr/include/c++/11/type_traits:2076:12: error: ‘std::size_t’ has not been declared
 2076 |   template<std::size_t _Len, std::size_t _Align =
      |            ^~~
/usr/include/c++/11/type_traits:2076:30: error: ‘std::size_t’ has not been declared
 2076 |   template<std::size_t _Len, std::size_t _Align =
      |                              ^~~
/usr/include/c++/11/type_traits:2077:55: error: ‘_Len’ was not declared in this scope
 2077 |            __alignof__(typename __aligned_storage_msa<_Len>::__type)>
      |                                                       ^~~~
/usr/include/c++/11/type_traits:2077:59: error: template argument 1 is invalid
 2077 |            __alignof__(typename __aligned_storage_msa<_Len>::__type)>
      |                                                           ^
/usr/include/c++/11/type_traits:2082:30: error: ‘_Len’ was not declared in this scope
 2082 |         unsigned char __data[_Len];
      |                              ^~~~
/usr/include/c++/11/type_traits:2083:44: error: ‘_Align’ was not declared in this scope
 2083 |         struct __attribute__((__aligned__((_Align)))) { } __align;
      |                                            ^~~~~~
In file included from /usr/include/c++/11/bits/stl_algobase.h:65,
                 from /usr/include/c++/11/bits/specfun.h:45,
                 from /usr/include/c++/11/cmath:1935,
                 from /home/crazyproger/sandbox/cuda-2024/3821B1PE3/1_gelu_omp/nedelin_dmitry/gelu_omp.cpp:4:
/usr/include/c++/11/bits/stl_iterator_base_types.h:125:67: error: ‘ptrdiff_t’ does not name a type
  125 |   template<typename _Category, typename _Tp, typename _Distance = ptrdiff_t,
      |                                                                   ^~~~~~~~~
In file included from /usr/include/c++/11/bits/stl_algobase.h:65,
                 from /usr/include/c++/11/bits/specfun.h:45,
                 from /usr/include/c++/11/cmath:1935,
                 from /home/crazyproger/sandbox/cuda-2024/3821B1PE3/1_gelu_omp/nedelin_dmitry/gelu_omp.cpp:4:
/usr/include/c++/11/bits/stl_iterator_base_types.h:1:1: note: ‘ptrdiff_t’ is defined in header ‘<cstddef>’; did you forget to ‘#include <cstddef>’?
  +++ |+#include <cstddef>
    1 | // Types used in iterator implementation -*- C++ -*-
In file included from /usr/include/c++/11/bits/stl_algobase.h:65,
                 from /usr/include/c++/11/bits/specfun.h:45,
                 from /usr/include/c++/11/cmath:1935,
                 from /home/crazyproger/sandbox/cuda-2024/3821B1PE3/1_gelu_omp/nedelin_dmitry/gelu_omp.cpp:4:
/usr/include/c++/11/bits/stl_iterator_base_types.h:214:15: error: ‘ptrdiff_t’ does not name a type
  214 |       typedef ptrdiff_t                   difference_type;
      |               ^~~~~~~~~
/usr/include/c++/11/bits/stl_iterator_base_types.h:214:15: note: ‘ptrdiff_t’ is defined in header ‘<cstddef>’; did you forget to ‘#include <cstddef>’?
/usr/include/c++/11/bits/stl_iterator_base_types.h:225:15: error: ‘ptrdiff_t’ does not name a type
  225 |       typedef ptrdiff_t                   difference_type;
      |               ^~~~~~~~~
/usr/include/c++/11/bits/stl_iterator_base_types.h:225:15: note: ‘ptrdiff_t’ is defined in header ‘<cstddef>’; did you forget to ‘#include <cstddef>’?
In file included from /usr/include/c++/11/bits/stl_algobase.h:66,
                 from /usr/include/c++/11/bits/specfun.h:45,
                 from /usr/include/c++/11/cmath:1935,
                 from /home/crazyproger/sandbox/cuda-2024/3821B1PE3/1_gelu_omp/nedelin_dmitry/gelu_omp.cpp:4:
/usr/include/c++/11/bits/stl_iterator_base_funcs.h:110:5: error: ‘ptrdiff_t’ does not name a type
  110 |     ptrdiff_t
      |     ^~~~~~~~~
/usr/include/c++/11/bits/stl_iterator_base_funcs.h:66:1: note: ‘ptrdiff_t’ is defined in header ‘<cstddef>’; did you forget to ‘#include <cstddef>’?
   65 | #include <debug/assertions.h>
  +++ |+#include <cstddef>
   66 | 
/usr/include/c++/11/bits/stl_iterator_base_funcs.h:116:5: error: ‘ptrdiff_t’ does not name a type
  116 |     ptrdiff_t
      |     ^~~~~~~~~
/usr/include/c++/11/bits/stl_iterator_base_funcs.h:116:5: note: ‘ptrdiff_t’ is defined in header ‘<cstddef>’; did you forget to ‘#include <cstddef>’?
In file included from /usr/include/c++/11/bits/stl_iterator.h:67,
                 from /usr/include/c++/11/bits/stl_algobase.h:67,
                 from /usr/include/c++/11/bits/specfun.h:45,
                 from /usr/include/c++/11/cmath:1935,
                 from /home/crazyproger/sandbox/cuda-2024/3821B1PE3/1_gelu_omp/nedelin_dmitry/gelu_omp.cpp:4:
/usr/include/c++/11/bits/ptr_traits.h:119:27: error: ‘ptrdiff_t’ was not declared in this scope
  119 |         = __detected_or_t<ptrdiff_t, __difference_type, _Ptr>;
      |                           ^~~~~~~~~
/usr/include/c++/11/bits/ptr_traits.h:1:1: note: ‘ptrdiff_t’ is defined in header ‘<cstddef>’; did you forget to ‘#include <cstddef>’?
  +++ |+#include <cstddef>
    1 | // Pointer Traits -*- C++ -*-
/usr/include/c++/11/bits/ptr_traits.h:119:61: error: template argument 1 is invalid
  119 |         = __detected_or_t<ptrdiff_t, __difference_type, _Ptr>;
      |                                                             ^
/usr/include/c++/11/bits/ptr_traits.h:138:15: error: ‘ptrdiff_t’ does not name a type
  138 |       typedef ptrdiff_t difference_type;
      |               ^~~~~~~~~
/usr/include/c++/11/bits/ptr_traits.h:138:15: note: ‘ptrdiff_t’ is defined in header ‘<cstddef>’; did you forget to ‘#include <cstddef>’?
In file included from /usr/include/c++/11/bits/specfun.h:45,
                 from /usr/include/c++/11/cmath:1935,
                 from /home/crazyproger/sandbox/cuda-2024/3821B1PE3/1_gelu_omp/nedelin_dmitry/gelu_omp.cpp:4:
/usr/include/c++/11/bits/stl_algobase.h: In static member function ‘static _Tp* std::__copy_move<_IsMove, true, std::random_access_iterator_tag>::__copy_m(const _Tp*, const _Tp*, _Tp*)’:
/usr/include/c++/11/bits/stl_algobase.h:429:17: error: ‘ptrdiff_t’ does not name a type
  429 |           const ptrdiff_t _Num = __last - __first;
      |                 ^~~~~~~~~
/usr/include/c++/11/bits/stl_algobase.h:72:1: note: ‘ptrdiff_t’ is defined in header ‘<cstddef>’; did you forget to ‘#include <cstddef>’?
   71 | #include <bits/predefined_ops.h>
  +++ |+#include <cstddef>
   72 | #if __cplusplus >= 201103L
/usr/include/c++/11/bits/stl_algobase.h:430:15: error: ‘_Num’ was not declared in this scope
  430 |           if (_Num)
      |               ^~~~
/usr/include/c++/11/bits/stl_algobase.h:432:29: error: ‘_Num’ was not declared in this scope
  432 |           return __result + _Num;
      |                             ^~~~
/usr/include/c++/11/bits/stl_algobase.h: In static member function ‘static _Tp* std::__copy_move_backward<_IsMove, true, std::random_access_iterator_tag>::__copy_move_b(const _Tp*, const _Tp*, _Tp*)’:
/usr/include/c++/11/bits/stl_algobase.h:740:17: error: ‘ptrdiff_t’ does not name a type
  740 |           const ptrdiff_t _Num = __last - __first;
      |                 ^~~~~~~~~
/usr/include/c++/11/bits/stl_algobase.h:740:17: note: ‘ptrdiff_t’ is defined in header ‘<cstddef>’; did you forget to ‘#include <cstddef>’?
/usr/include/c++/11/bits/stl_algobase.h:741:15: error: ‘_Num’ was not declared in this scope
  741 |           if (_Num)
      |               ^~~~
/usr/include/c++/11/bits/stl_algobase.h:743:29: error: ‘_Num’ was not declared in this scope
  743 |           return __result - _Num;
      |                             ^~~~
/usr/include/c++/11/bits/stl_algobase.h: At global scope:
/usr/include/c++/11/bits/stl_algobase.h:1349:16: error: ‘ptrdiff_t’ does not name a type
 1349 |         static ptrdiff_t
      |                ^~~~~~~~~
/usr/include/c++/11/bits/stl_algobase.h:1349:16: note: ‘ptrdiff_t’ is defined in header ‘<cstddef>’; did you forget to ‘#include <cstddef>’?
/home/crazyproger/sandbox/cuda-2024/3821B1PE3/1_gelu_omp/nedelin_dmitry/gelu_omp.cpp:7:6: error: ‘vector’ in namespace ‘std’ does not name a template type
    7 | std::vector<float> GeluOMP(const std::vector<float> &input) {
      |      ^~~~~~
/home/crazyproger/sandbox/cuda-2024/3821B1PE3/1_gelu_omp/nedelin_dmitry/gelu_omp.cpp:5:1: note: ‘std::vector’ is defined in header ‘<vector>’; did you forget to ‘#include <vector>’?
    4 | #include <cmath>
  +++ |+#include <vector>
    5 | 
